2025-08-11 04:11:39.754 - INFO - ================================================================================
2025-08-11 04:11:39.755 - INFO - WRITING TOOLS - EXECUTABLE DEBUG SESSION
2025-08-11 04:11:39.755 - INFO - ================================================================================
2025-08-11 04:11:39.755 - INFO - Log file: C:\Users\dd200\Desktop\Bureau temp\Mes_projets\copy-new\startup_logs\exe_debug_20250811_041139.log
2025-08-11 04:11:39.756 - INFO - Starting Writing Tools executable debug...
2025-08-11 04:11:39.756 - INFO - Found Writing Tools executable: C:\Users\dd200\Desktop\Bureau temp\Mes_projets\copy-new\Windows_and_Linux\dist\dev\Writing Tools.exe
2025-08-11 04:11:39.756 - INFO - Checking for existing Writing Tools processes...
2025-08-11 04:11:39.855 - INFO - Found Writing Tools processes:
2025-08-11 04:11:39.855 - INFO - "Nom de l'image","PID","Nom de la session","Num‚ro de session","Utilisation m‚moire"
"Writing Tools.exe","11544","Console","1","8ÿ256 Ko"
"Writing Tools.exe","11936","Console","1","112ÿ392 Ko"

2025-08-11 04:11:39.856 - INFO - Launching executable: C:\Users\dd200\Desktop\Bureau temp\Mes_projets\copy-new\Windows_and_Linux\dist\dev\Writing Tools.exe
2025-08-11 04:11:39.856 - INFO - Changed working directory to: C:\Users\dd200\Desktop\Bureau temp\Mes_projets\copy-new\Windows_and_Linux\dist\dev
2025-08-11 04:11:39.911 - INFO - Process launched with PID: 7348
2025-08-11 04:11:39.911 - INFO - Monitoring for 30 seconds...
2025-08-11 04:11:44.914 - INFO - Second 5: Process still running
2025-08-11 04:11:45.007 - INFO - Found Writing Tools processes:
2025-08-11 04:11:45.008 - INFO - "Nom de l'image","PID","Nom de la session","Num‚ro de session","Utilisation m‚moire"
"Writing Tools.exe","11544","Console","1","8ÿ256 Ko"
"Writing Tools.exe","11936","Console","1","112ÿ392 Ko"
"Writing Tools.exe","7348","Console","1","8ÿ412 Ko"
"Writing Tools.exe","1500","Console","1","98ÿ812 Ko"

2025-08-11 04:11:45.427 - INFO - Current processes with windows:
2025-08-11 04:11:45.427 - INFO - 
ProcessName        Id MainWindowTitle   
-----------        -- ---------------   
Code             8136 WritingToolApp....
firefox          8328 Chemin relatif ...
TextInputHost    9736 Exp‚rience d'en...
WindowsTerminal 12168 C:\WINDOWS\syst...
Writing Tools    1500                   
Writing Tools    7348                   
Writing Tools   11544                   
Writing Tools   11936                   



2025-08-11 04:11:50.431 - INFO - Second 10: Process still running
2025-08-11 04:11:50.524 - INFO - Found Writing Tools processes:
2025-08-11 04:11:50.524 - INFO - "Nom de l'image","PID","Nom de la session","Num‚ro de session","Utilisation m‚moire"
"Writing Tools.exe","11544","Console","1","8ÿ256 Ko"
"Writing Tools.exe","11936","Console","1","112ÿ392 Ko"
"Writing Tools.exe","7348","Console","1","8ÿ412 Ko"
"Writing Tools.exe","1500","Console","1","120ÿ216 Ko"

2025-08-11 04:11:50.857 - INFO - Current processes with windows:
2025-08-11 04:11:50.857 - INFO - 
ProcessName        Id MainWindowTitle   
-----------        -- ---------------   
Code             8136 WritingToolApp....
firefox          8328 Chemin relatif ...
TextInputHost    9736 Exp‚rience d'en...
WindowsTerminal 12168 C:\WINDOWS\syst...
Writing Tools    1500                   
Writing Tools    7348                   
Writing Tools   11544                   
Writing Tools   11936                   



2025-08-11 04:11:55.861 - INFO - Second 15: Process still running
2025-08-11 04:11:55.953 - INFO - Found Writing Tools processes:
2025-08-11 04:11:55.953 - INFO - "Nom de l'image","PID","Nom de la session","Num‚ro de session","Utilisation m‚moire"
"Writing Tools.exe","11544","Console","1","8ÿ256 Ko"
"Writing Tools.exe","11936","Console","1","112ÿ392 Ko"
"Writing Tools.exe","7348","Console","1","8ÿ412 Ko"
"Writing Tools.exe","1500","Console","1","120ÿ216 Ko"

2025-08-11 04:11:56.276 - INFO - Current processes with windows:
2025-08-11 04:11:56.276 - INFO - 
ProcessName        Id MainWindowTitle   
-----------        -- ---------------   
Code             8136 WritingToolApp....
firefox          8328 Chemin relatif ...
TextInputHost    9736 Exp‚rience d'en...
WindowsTerminal 12168 C:\WINDOWS\syst...
Writing Tools    1500                   
Writing Tools    7348                   
Writing Tools   11544                   
Writing Tools   11936                   



2025-08-11 04:12:01.283 - INFO - Second 20: Process still running
2025-08-11 04:12:01.371 - INFO - Found Writing Tools processes:
2025-08-11 04:12:01.371 - INFO - "Nom de l'image","PID","Nom de la session","Num‚ro de session","Utilisation m‚moire"
"Writing Tools.exe","11544","Console","1","8ÿ256 Ko"
"Writing Tools.exe","11936","Console","1","112ÿ392 Ko"
"Writing Tools.exe","7348","Console","1","8ÿ412 Ko"
"Writing Tools.exe","1500","Console","1","120ÿ216 Ko"

2025-08-11 04:12:01.693 - INFO - Current processes with windows:
2025-08-11 04:12:01.694 - INFO - 
ProcessName        Id MainWindowTitle   
-----------        -- ---------------   
Code             8136 WritingToolApp....
firefox          8328 Chemin relatif ...
TextInputHost    9736 Exp‚rience d'en...
WindowsTerminal 12168 C:\WINDOWS\syst...
Writing Tools    1500                   
Writing Tools    7348                   
Writing Tools   11544                   
Writing Tools   11936                   



2025-08-11 04:12:06.697 - INFO - Second 25: Process still running
2025-08-11 04:12:06.785 - INFO - Found Writing Tools processes:
2025-08-11 04:12:06.785 - INFO - "Nom de l'image","PID","Nom de la session","Num‚ro de session","Utilisation m‚moire"
"Writing Tools.exe","11544","Console","1","8ÿ256 Ko"
"Writing Tools.exe","11936","Console","1","112ÿ392 Ko"
"Writing Tools.exe","7348","Console","1","8ÿ412 Ko"
"Writing Tools.exe","1500","Console","1","120ÿ216 Ko"

2025-08-11 04:12:07.111 - INFO - Current processes with windows:
2025-08-11 04:12:07.111 - INFO - 
ProcessName        Id MainWindowTitle   
-----------        -- ---------------   
Code             8136 WritingToolApp....
firefox          8328 Chemin relatif ...
TextInputHost    9736 Exp‚rience d'en...
WindowsTerminal 12168 C:\WINDOWS\syst...
Writing Tools    1500                   
Writing Tools    7348                   
Writing Tools   11544                   
Writing Tools   11936                   



2025-08-11 04:12:12.121 - INFO - Second 30: Process still running
2025-08-11 04:12:12.211 - INFO - Found Writing Tools processes:
2025-08-11 04:12:12.211 - INFO - "Nom de l'image","PID","Nom de la session","Num‚ro de session","Utilisation m‚moire"
"Writing Tools.exe","11544","Console","1","8ÿ256 Ko"
"Writing Tools.exe","11936","Console","1","112ÿ392 Ko"
"Writing Tools.exe","7348","Console","1","8ÿ416 Ko"
"Writing Tools.exe","1500","Console","1","120ÿ216 Ko"

2025-08-11 04:12:12.517 - INFO - Current processes with windows:
2025-08-11 04:12:12.518 - INFO - 
ProcessName        Id MainWindowTitle   
-----------        -- ---------------   
Code             8136 WritingToolApp....
firefox          8328 Chemin relatif ...
TextInputHost    9736 Exp‚rience d'en...
WindowsTerminal 12168 C:\WINDOWS\syst...
Writing Tools    1500                   
Writing Tools    7348                   
Writing Tools   11544                   
Writing Tools   11936                   



2025-08-11 04:12:17.528 - WARNING - Process still running, terminating...
2025-08-11 04:12:17.532 - INFO - Debug session completed
2025-08-11 04:12:17.534 - INFO - Full log saved to: C:\Users\dd200\Desktop\Bureau temp\Mes_projets\copy-new\startup_logs\exe_debug_20250811_041139.log
